<?xml version="1.0" encoding="UTF-8"?>
<testsuite xmlns:xsi="http://www.w3.org/2001/XMLSchema-instance" xsi:noNamespaceSchemaLocation="https://maven.apache.org/surefire/maven-surefire-plugin/xsd/surefire-test-report.xsd" name="com.huipinpay.TestQiniu" time="5.478" tests="1" errors="0" skipped="0" failures="0">
  <properties>
    <property name="sun.desktop" value="windows"/>
    <property name="awt.toolkit" value="sun.awt.windows.WToolkit"/>
    <property name="file.encoding.pkg" value="sun.io"/>
    <property name="java.specification.version" value="1.8"/>
    <property name="sun.cpu.isalist" value="amd64"/>
    <property name="sun.jnu.encoding" value="GBK"/>
    <property name="java.class.path" value="D:\IDEA2021.1\workspacepro\huiminpay\huiminpay-merchant-application\target\test-classes;D:\IDEA2021.1\workspacepro\huiminpay\huiminpay-merchant-application\target\classes;D:\IDEA2021.1\workspacepro\huiminpay\huiminpay-common\target\huiminpay-common.jar;D:\Maven\maven-repository\org\slf4j\slf4j-api\1.7.25\slf4j-api-1.7.25.jar;D:\Maven\maven-repository\com\alibaba\fastjson\1.2.47\fastjson-1.2.47.jar;D:\Maven\maven-repository\commons-lang\commons-lang\2.6\commons-lang-2.6.jar;D:\Maven\maven-repository\io\springfox\springfox-swagger2\2.9.2\springfox-swagger2-2.9.2.jar;D:\Maven\maven-repository\io\swagger\swagger-annotations\1.5.20\swagger-annotations-1.5.20.jar;D:\Maven\maven-repository\io\swagger\swagger-models\1.5.20\swagger-models-1.5.20.jar;D:\Maven\maven-repository\com\fasterxml\jackson\core\jackson-annotations\2.9.0\jackson-annotations-2.9.0.jar;D:\Maven\maven-repository\io\springfox\springfox-spi\2.9.2\springfox-spi-2.9.2.jar;D:\Maven\maven-repository\io\springfox\springfox-core\2.9.2\springfox-core-2.9.2.jar;D:\Maven\maven-repository\io\springfox\springfox-schema\2.9.2\springfox-schema-2.9.2.jar;D:\Maven\maven-repository\io\springfox\springfox-swagger-common\2.9.2\springfox-swagger-common-2.9.2.jar;D:\Maven\maven-repository\io\springfox\springfox-spring-web\2.9.2\springfox-spring-web-2.9.2.jar;D:\Maven\maven-repository\com\google\guava\guava\25.0-jre\guava-25.0-jre.jar;D:\Maven\maven-repository\com\google\code\findbugs\jsr305\1.3.9\jsr305-1.3.9.jar;D:\Maven\maven-repository\org\checkerframework\checker-compat-qual\2.0.0\checker-compat-qual-2.0.0.jar;D:\Maven\maven-repository\com\google\errorprone\error_prone_annotations\2.1.3\error_prone_annotations-2.1.3.jar;D:\Maven\maven-repository\com\google\j2objc\j2objc-annotations\1.1\j2objc-annotations-1.1.jar;D:\Maven\maven-repository\org\codehaus\mojo\animal-sniffer-annotations\1.14\animal-sniffer-annotations-1.14.jar;D:\Maven\maven-repository\com\fasterxml\classmate\1.4.0\classmate-1.4.0.jar;D:\Maven\maven-repository\org\springframework\plugin\spring-plugin-core\1.2.0.RELEASE\spring-plugin-core-1.2.0.RELEASE.jar;D:\Maven\maven-repository\org\springframework\plugin\spring-plugin-metadata\1.2.0.RELEASE\spring-plugin-metadata-1.2.0.RELEASE.jar;D:\Maven\maven-repository\io\springfox\springfox-swagger-ui\2.9.2\springfox-swagger-ui-2.9.2.jar;D:\Maven\maven-repository\org\projectlombok\lombok\1.18.0\lombok-1.18.0.jar;D:\Maven\maven-repository\org\mapstruct\mapstruct\1.3.0.Final\mapstruct-1.3.0.Final.jar;D:\Maven\maven-repository\org\mapstruct\mapstruct-processor\1.3.0.Final\mapstruct-processor-1.3.0.Final.jar;D:\Maven\maven-repository\org\springframework\spring-web\5.1.5.RELEASE\spring-web-5.1.5.RELEASE.jar;D:\Maven\maven-repository\org\springframework\spring-beans\5.1.5.RELEASE\spring-beans-5.1.5.RELEASE.jar;D:\Maven\maven-repository\com\google\zxing\core\3.3.3\core-3.3.3.jar;D:\Maven\maven-repository\com\google\zxing\javase\3.3.3\javase-3.3.3.jar;D:\Maven\maven-repository\com\beust\jcommander\1.72\jcommander-1.72.jar;D:\Maven\maven-repository\com\github\jai-imageio\jai-imageio-core\1.4.0\jai-imageio-core-1.4.0.jar;D:\Maven\maven-repository\org\apache\commons\commons-lang3\3.8.1\commons-lang3-3.8.1.jar;D:\IDEA2021.1\workspacepro\huiminpay\huiminpay-merchant\huiminpay-merchant-api\target\huiminpay-merchant-api.jar;D:\Maven\maven-repository\com\alibaba\cloud\spring-cloud-starter-alibaba-nacos-config\2.1.0.RELEASE\spring-cloud-starter-alibaba-nacos-config-2.1.0.RELEASE.jar;D:\Maven\maven-repository\com\alibaba\cloud\spring-cloud-alibaba-nacos-config\2.1.0.RELEASE\spring-cloud-alibaba-nacos-config-2.1.0.RELEASE.jar;D:\Maven\maven-repository\com\alibaba\nacos\nacos-client\1.1.1\nacos-client-1.1.1.jar;D:\Maven\maven-repository\com\alibaba\nacos\nacos-common\1.1.1\nacos-common-1.1.1.jar;D:\Maven\maven-repository\commons-io\commons-io\2.2\commons-io-2.2.jar;D:\Maven\maven-repository\com\alibaba\nacos\nacos-api\1.1.1\nacos-api-1.1.1.jar;D:\Maven\maven-repository\commons-codec\commons-codec\1.11\commons-codec-1.11.jar;D:\Maven\maven-repository\com\fasterxml\jackson\core\jackson-core\2.9.8\jackson-core-2.9.8.jar;D:\Maven\maven-repository\io\prometheus\simpleclient\0.5.0\simpleclient-0.5.0.jar;D:\Maven\maven-repository\org\springframework\cloud\spring-cloud-commons\2.1.0.RELEASE\spring-cloud-commons-2.1.0.RELEASE.jar;D:\Maven\maven-repository\org\springframework\security\spring-security-crypto\5.1.4.RELEASE\spring-security-crypto-5.1.4.RELEASE.jar;D:\Maven\maven-repository\org\springframework\cloud\spring-cloud-context\2.1.0.RELEASE\spring-cloud-context-2.1.0.RELEASE.jar;D:\Maven\maven-repository\com\alibaba\cloud\spring-cloud-starter-alibaba-nacos-discovery\2.1.0.RELEASE\spring-cloud-starter-alibaba-nacos-discovery-2.1.0.RELEASE.jar;D:\Maven\maven-repository\com\alibaba\cloud\spring-cloud-alibaba-nacos-discovery\2.1.0.RELEASE\spring-cloud-alibaba-nacos-discovery-2.1.0.RELEASE.jar;D:\Maven\maven-repository\org\springframework\cloud\spring-cloud-starter-netflix-ribbon\2.1.0.RELEASE\spring-cloud-starter-netflix-ribbon-2.1.0.RELEASE.jar;D:\Maven\maven-repository\org\springframework\cloud\spring-cloud-starter\2.1.0.RELEASE\spring-cloud-starter-2.1.0.RELEASE.jar;D:\Maven\maven-repository\org\springframework\security\spring-security-rsa\1.0.7.RELEASE\spring-security-rsa-1.0.7.RELEASE.jar;D:\Maven\maven-repository\org\bouncycastle\bcpkix-jdk15on\1.60\bcpkix-jdk15on-1.60.jar;D:\Maven\maven-repository\org\bouncycastle\bcprov-jdk15on\1.60\bcprov-jdk15on-1.60.jar;D:\Maven\maven-repository\org\springframework\cloud\spring-cloud-netflix-ribbon\2.1.0.RELEASE\spring-cloud-netflix-ribbon-2.1.0.RELEASE.jar;D:\Maven\maven-repository\org\springframework\cloud\spring-cloud-netflix-archaius\2.1.0.RELEASE\spring-cloud-netflix-archaius-2.1.0.RELEASE.jar;D:\Maven\maven-repository\org\springframework\cloud\spring-cloud-starter-netflix-archaius\2.1.0.RELEASE\spring-cloud-starter-netflix-archaius-2.1.0.RELEASE.jar;D:\Maven\maven-repository\com\netflix\archaius\archaius-core\0.7.6\archaius-core-0.7.6.jar;D:\Maven\maven-repository\commons-configuration\commons-configuration\1.8\commons-configuration-1.8.jar;D:\Maven\maven-repository\com\netflix\ribbon\ribbon\2.3.0\ribbon-2.3.0.jar;D:\Maven\maven-repository\com\netflix\ribbon\ribbon-transport\2.3.0\ribbon-transport-2.3.0.jar;D:\Maven\maven-repository\io\reactivex\rxnetty-contexts\0.4.9\rxnetty-contexts-0.4.9.jar;D:\Maven\maven-repository\io\reactivex\rxnetty-servo\0.4.9\rxnetty-servo-0.4.9.jar;D:\Maven\maven-repository\com\netflix\hystrix\hystrix-core\1.5.18\hystrix-core-1.5.18.jar;D:\Maven\maven-repository\javax\inject\javax.inject\1\javax.inject-1.jar;D:\Maven\maven-repository\io\reactivex\rxnetty\0.4.9\rxnetty-0.4.9.jar;D:\Maven\maven-repository\com\netflix\ribbon\ribbon-core\2.3.0\ribbon-core-2.3.0.jar;D:\Maven\maven-repository\com\netflix\ribbon\ribbon-httpclient\2.3.0\ribbon-httpclient-2.3.0.jar;D:\Maven\maven-repository\commons-collections\commons-collections\3.2.2\commons-collections-3.2.2.jar;D:\Maven\maven-repository\org\apache\httpcomponents\httpclient\4.5.7\httpclient-4.5.7.jar;D:\Maven\maven-repository\com\sun\jersey\jersey-client\1.19.1\jersey-client-1.19.1.jar;D:\Maven\maven-repository\com\sun\jersey\jersey-core\1.19.1\jersey-core-1.19.1.jar;D:\Maven\maven-repository\javax\ws\rs\jsr311-api\1.1.1\jsr311-api-1.1.1.jar;D:\Maven\maven-repository\com\sun\jersey\contribs\jersey-apache-client4\1.19.1\jersey-apache-client4-1.19.1.jar;D:\Maven\maven-repository\com\netflix\servo\servo-core\0.12.21\servo-core-0.12.21.jar;D:\Maven\maven-repository\com\netflix\netflix-commons\netflix-commons-util\0.3.0\netflix-commons-util-0.3.0.jar;D:\Maven\maven-repository\com\netflix\ribbon\ribbon-loadbalancer\2.3.0\ribbon-loadbalancer-2.3.0.jar;D:\Maven\maven-repository\com\netflix\netflix-commons\netflix-statistics\0.1.1\netflix-statistics-0.1.1.jar;D:\Maven\maven-repository\io\reactivex\rxjava\1.3.8\rxjava-1.3.8.jar;D:\Maven\maven-repository\com\alibaba\cloud\spring-cloud-starter-dubbo\2.1.0.RELEASE\spring-cloud-starter-dubbo-2.1.0.RELEASE.jar;D:\Maven\maven-repository\com\alibaba\cloud\spring-cloud-alibaba-dubbo\2.1.0.RELEASE\spring-cloud-alibaba-dubbo-2.1.0.RELEASE.jar;D:\Maven\maven-repository\org\springframework\cloud\spring-cloud-openfeign-core\2.1.0.RELEASE\spring-cloud-openfeign-core-2.1.0.RELEASE.jar;D:\Maven\maven-repository\org\springframework\boot\spring-boot-starter-aop\2.1.3.RELEASE\spring-boot-starter-aop-2.1.3.RELEASE.jar;D:\Maven\maven-repository\org\aspectj\aspectjweaver\1.9.2\aspectjweaver-1.9.2.jar;D:\Maven\maven-repository\io\github\openfeign\form\feign-form-spring\3.5.0\feign-form-spring-3.5.0.jar;D:\Maven\maven-repository\io\github\openfeign\form\feign-form\3.5.0\feign-form-3.5.0.jar;D:\Maven\maven-repository\commons-fileupload\commons-fileupload\1.3.3\commons-fileupload-1.3.3.jar;D:\Maven\maven-repository\org\apache\dubbo\dubbo\2.7.3\dubbo-2.7.3.jar;D:\Maven\maven-repository\org\javassist\javassist\3.20.0-GA\javassist-3.20.0-GA.jar;D:\Maven\maven-repository\org\apache\dubbo\dubbo-spring-boot-starter\2.7.1\dubbo-spring-boot-starter-2.7.1.jar;D:\Maven\maven-repository\org\apache\dubbo\dubbo-spring-boot-autoconfigure\2.7.1\dubbo-spring-boot-autoconfigure-2.7.1.jar;D:\Maven\maven-repository\org\apache\dubbo\dubbo-spring-boot-autoconfigure-compatible\2.7.1\dubbo-spring-boot-autoconfigure-compatible-2.7.1.jar;D:\Maven\maven-repository\io\netty\netty-all\4.1.33.Final\netty-all-4.1.33.Final.jar;D:\Maven\maven-repository\io\github\openfeign\feign-jaxrs2\9.7.0\feign-jaxrs2-9.7.0.jar;D:\Maven\maven-repository\io\github\openfeign\feign-core\10.1.0\feign-core-10.1.0.jar;D:\Maven\maven-repository\io\github\openfeign\feign-jaxrs\10.1.0\feign-jaxrs-10.1.0.jar;D:\Maven\maven-repository\org\springframework\boot\spring-boot-starter-web\2.1.3.RELEASE\spring-boot-starter-web-2.1.3.RELEASE.jar;D:\Maven\maven-repository\org\springframework\boot\spring-boot-starter-json\2.1.3.RELEASE\spring-boot-starter-json-2.1.3.RELEASE.jar;D:\Maven\maven-repository\com\fasterxml\jackson\core\jackson-databind\2.9.8\jackson-databind-2.9.8.jar;D:\Maven\maven-repository\com\fasterxml\jackson\datatype\jackson-datatype-jdk8\2.9.8\jackson-datatype-jdk8-2.9.8.jar;D:\Maven\maven-repository\com\fasterxml\jackson\datatype\jackson-datatype-jsr310\2.9.8\jackson-datatype-jsr310-2.9.8.jar;D:\Maven\maven-repository\com\fasterxml\jackson\module\jackson-module-parameter-names\2.9.8\jackson-module-parameter-names-2.9.8.jar;D:\Maven\maven-repository\org\springframework\boot\spring-boot-starter-tomcat\2.1.3.RELEASE\spring-boot-starter-tomcat-2.1.3.RELEASE.jar;D:\Maven\maven-repository\org\apache\tomcat\embed\tomcat-embed-core\9.0.16\tomcat-embed-core-9.0.16.jar;D:\Maven\maven-repository\org\apache\tomcat\embed\tomcat-embed-el\9.0.16\tomcat-embed-el-9.0.16.jar;D:\Maven\maven-repository\org\apache\tomcat\embed\tomcat-embed-websocket\9.0.16\tomcat-embed-websocket-9.0.16.jar;D:\Maven\maven-repository\org\hibernate\validator\hibernate-validator\6.0.14.Final\hibernate-validator-6.0.14.Final.jar;D:\Maven\maven-repository\javax\validation\validation-api\2.0.1.Final\validation-api-2.0.1.Final.jar;D:\Maven\maven-repository\org\jboss\logging\jboss-logging\3.3.2.Final\jboss-logging-3.3.2.Final.jar;D:\Maven\maven-repository\org\springframework\spring-webmvc\5.1.5.RELEASE\spring-webmvc-5.1.5.RELEASE.jar;D:\Maven\maven-repository\org\springframework\spring-aop\5.1.5.RELEASE\spring-aop-5.1.5.RELEASE.jar;D:\Maven\maven-repository\org\springframework\spring-context\5.1.5.RELEASE\spring-context-5.1.5.RELEASE.jar;D:\Maven\maven-repository\org\springframework\spring-expression\5.1.5.RELEASE\spring-expression-5.1.5.RELEASE.jar;D:\Maven\maven-repository\org\springframework\boot\spring-boot-starter\2.1.3.RELEASE\spring-boot-starter-2.1.3.RELEASE.jar;D:\Maven\maven-repository\org\springframework\boot\spring-boot\2.1.3.RELEASE\spring-boot-2.1.3.RELEASE.jar;D:\Maven\maven-repository\org\springframework\boot\spring-boot-autoconfigure\2.1.3.RELEASE\spring-boot-autoconfigure-2.1.3.RELEASE.jar;D:\Maven\maven-repository\javax\annotation\javax.annotation-api\1.3.2\javax.annotation-api-1.3.2.jar;D:\Maven\maven-repository\org\springframework\spring-core\5.1.5.RELEASE\spring-core-5.1.5.RELEASE.jar;D:\Maven\maven-repository\org\springframework\spring-jcl\5.1.5.RELEASE\spring-jcl-5.1.5.RELEASE.jar;D:\Maven\maven-repository\org\yaml\snakeyaml\1.23\snakeyaml-1.23.jar;D:\Maven\maven-repository\org\springframework\boot\spring-boot-starter-log4j2\2.1.3.RELEASE\spring-boot-starter-log4j2-2.1.3.RELEASE.jar;D:\Maven\maven-repository\org\apache\logging\log4j\log4j-slf4j-impl\2.11.2\log4j-slf4j-impl-2.11.2.jar;D:\Maven\maven-repository\org\apache\logging\log4j\log4j-api\2.11.2\log4j-api-2.11.2.jar;D:\Maven\maven-repository\org\apache\logging\log4j\log4j-core\2.11.2\log4j-core-2.11.2.jar;D:\Maven\maven-repository\org\apache\logging\log4j\log4j-jul\2.11.2\log4j-jul-2.11.2.jar;D:\Maven\maven-repository\org\slf4j\jul-to-slf4j\1.7.25\jul-to-slf4j-1.7.25.jar;D:\Maven\maven-repository\org\springframework\boot\spring-boot-configuration-processor\2.1.3.RELEASE\spring-boot-configuration-processor-2.1.3.RELEASE.jar;D:\Maven\maven-repository\com\qiniu\qiniu-java-sdk\7.2.25\qiniu-java-sdk-7.2.25.jar;D:\Maven\maven-repository\com\squareup\okhttp3\okhttp\3.9.1\okhttp-3.9.1.jar;D:\Maven\maven-repository\com\squareup\okio\okio\1.13.0\okio-1.13.0.jar;D:\Maven\maven-repository\com\google\code\gson\gson\2.8.2\gson-2.8.2.jar;D:\Maven\maven-repository\org\springframework\boot\spring-boot-starter-actuator\2.1.3.RELEASE\spring-boot-starter-actuator-2.1.3.RELEASE.jar;D:\Maven\maven-repository\org\springframework\boot\spring-boot-actuator-autoconfigure\2.1.3.RELEASE\spring-boot-actuator-autoconfigure-2.1.3.RELEASE.jar;D:\Maven\maven-repository\org\springframework\boot\spring-boot-actuator\2.1.3.RELEASE\spring-boot-actuator-2.1.3.RELEASE.jar;D:\Maven\maven-repository\io\micrometer\micrometer-core\1.1.3\micrometer-core-1.1.3.jar;D:\Maven\maven-repository\org\hdrhistogram\HdrHistogram\2.1.9\HdrHistogram-2.1.9.jar;D:\Maven\maven-repository\org\latencyutils\LatencyUtils\2.0.3\LatencyUtils-2.0.3.jar;D:\Maven\maven-repository\org\apache\httpcomponents\httpcore\4.4.11\httpcore-4.4.11.jar;D:\Maven\maven-repository\org\springframework\boot\spring-boot-starter-test\2.1.3.RELEASE\spring-boot-starter-test-2.1.3.RELEASE.jar;D:\Maven\maven-repository\org\springframework\boot\spring-boot-test\2.1.3.RELEASE\spring-boot-test-2.1.3.RELEASE.jar;D:\Maven\maven-repository\org\springframework\boot\spring-boot-test-autoconfigure\2.1.3.RELEASE\spring-boot-test-autoconfigure-2.1.3.RELEASE.jar;D:\Maven\maven-repository\com\jayway\jsonpath\json-path\2.4.0\json-path-2.4.0.jar;D:\Maven\maven-repository\net\minidev\json-smart\2.3\json-smart-2.3.jar;D:\Maven\maven-repository\net\minidev\accessors-smart\1.2\accessors-smart-1.2.jar;D:\Maven\maven-repository\org\ow2\asm\asm\5.0.4\asm-5.0.4.jar;D:\Maven\maven-repository\junit\junit\4.12\junit-4.12.jar;D:\Maven\maven-repository\org\assertj\assertj-core\3.11.1\assertj-core-3.11.1.jar;D:\Maven\maven-repository\org\mockito\mockito-core\2.23.4\mockito-core-2.23.4.jar;D:\Maven\maven-repository\net\bytebuddy\byte-buddy\1.9.10\byte-buddy-1.9.10.jar;D:\Maven\maven-repository\net\bytebuddy\byte-buddy-agent\1.9.10\byte-buddy-agent-1.9.10.jar;D:\Maven\maven-repository\org\objenesis\objenesis\2.6\objenesis-2.6.jar;D:\Maven\maven-repository\org\hamcrest\hamcrest-core\1.3\hamcrest-core-1.3.jar;D:\Maven\maven-repository\org\hamcrest\hamcrest-library\1.3\hamcrest-library-1.3.jar;D:\Maven\maven-repository\org\skyscreamer\jsonassert\1.5.0\jsonassert-1.5.0.jar;D:\Maven\maven-repository\com\vaadin\external\google\android-json\0.0.20131108.vaadin1\android-json-0.0.20131108.vaadin1.jar;D:\Maven\maven-repository\org\springframework\spring-test\5.1.5.RELEASE\spring-test-5.1.5.RELEASE.jar;D:\Maven\maven-repository\org\xmlunit\xmlunit-core\2.6.2\xmlunit-core-2.6.2.jar;"/>
    <property name="java.vm.vendor" value="Oracle Corporation"/>
    <property name="sun.arch.data.model" value="64"/>
    <property name="user.variant" value=""/>
    <property name="java.vendor.url" value="http://java.oracle.com/"/>
    <property name="user.timezone" value="Asia/Shanghai"/>
    <property name="java.vm.specification.version" value="1.8"/>
    <property name="os.name" value="Windows 10"/>
    <property name="user.country" value="CN"/>
    <property name="sun.java.launcher" value="SUN_STANDARD"/>
    <property name="sun.boot.library.path" value="D:\Java\jdk1.8.1_811\jre\bin"/>
    <property name="sun.java.command" value="C:\Users\12719\AppData\Local\Temp\surefire496435245145102615\surefirebooter8924925046461524644.jar C:\Users\12719\AppData\Local\Temp\surefire496435245145102615 2022-08-11T17-29-08_800-jvmRun1 surefire4107214049987941292tmp surefire_0260024193227985751tmp"/>
    <property name="surefire.test.class.path" value="D:\IDEA2021.1\workspacepro\huiminpay\huiminpay-merchant-application\target\test-classes;D:\IDEA2021.1\workspacepro\huiminpay\huiminpay-merchant-application\target\classes;D:\IDEA2021.1\workspacepro\huiminpay\huiminpay-common\target\huiminpay-common.jar;D:\Maven\maven-repository\org\slf4j\slf4j-api\1.7.25\slf4j-api-1.7.25.jar;D:\Maven\maven-repository\com\alibaba\fastjson\1.2.47\fastjson-1.2.47.jar;D:\Maven\maven-repository\commons-lang\commons-lang\2.6\commons-lang-2.6.jar;D:\Maven\maven-repository\io\springfox\springfox-swagger2\2.9.2\springfox-swagger2-2.9.2.jar;D:\Maven\maven-repository\io\swagger\swagger-annotations\1.5.20\swagger-annotations-1.5.20.jar;D:\Maven\maven-repository\io\swagger\swagger-models\1.5.20\swagger-models-1.5.20.jar;D:\Maven\maven-repository\com\fasterxml\jackson\core\jackson-annotations\2.9.0\jackson-annotations-2.9.0.jar;D:\Maven\maven-repository\io\springfox\springfox-spi\2.9.2\springfox-spi-2.9.2.jar;D:\Maven\maven-repository\io\springfox\springfox-core\2.9.2\springfox-core-2.9.2.jar;D:\Maven\maven-repository\io\springfox\springfox-schema\2.9.2\springfox-schema-2.9.2.jar;D:\Maven\maven-repository\io\springfox\springfox-swagger-common\2.9.2\springfox-swagger-common-2.9.2.jar;D:\Maven\maven-repository\io\springfox\springfox-spring-web\2.9.2\springfox-spring-web-2.9.2.jar;D:\Maven\maven-repository\com\google\guava\guava\25.0-jre\guava-25.0-jre.jar;D:\Maven\maven-repository\com\google\code\findbugs\jsr305\1.3.9\jsr305-1.3.9.jar;D:\Maven\maven-repository\org\checkerframework\checker-compat-qual\2.0.0\checker-compat-qual-2.0.0.jar;D:\Maven\maven-repository\com\google\errorprone\error_prone_annotations\2.1.3\error_prone_annotations-2.1.3.jar;D:\Maven\maven-repository\com\google\j2objc\j2objc-annotations\1.1\j2objc-annotations-1.1.jar;D:\Maven\maven-repository\org\codehaus\mojo\animal-sniffer-annotations\1.14\animal-sniffer-annotations-1.14.jar;D:\Maven\maven-repository\com\fasterxml\classmate\1.4.0\classmate-1.4.0.jar;D:\Maven\maven-repository\org\springframework\plugin\spring-plugin-core\1.2.0.RELEASE\spring-plugin-core-1.2.0.RELEASE.jar;D:\Maven\maven-repository\org\springframework\plugin\spring-plugin-metadata\1.2.0.RELEASE\spring-plugin-metadata-1.2.0.RELEASE.jar;D:\Maven\maven-repository\io\springfox\springfox-swagger-ui\2.9.2\springfox-swagger-ui-2.9.2.jar;D:\Maven\maven-repository\org\projectlombok\lombok\1.18.0\lombok-1.18.0.jar;D:\Maven\maven-repository\org\mapstruct\mapstruct\1.3.0.Final\mapstruct-1.3.0.Final.jar;D:\Maven\maven-repository\org\mapstruct\mapstruct-processor\1.3.0.Final\mapstruct-processor-1.3.0.Final.jar;D:\Maven\maven-repository\org\springframework\spring-web\5.1.5.RELEASE\spring-web-5.1.5.RELEASE.jar;D:\Maven\maven-repository\org\springframework\spring-beans\5.1.5.RELEASE\spring-beans-5.1.5.RELEASE.jar;D:\Maven\maven-repository\com\google\zxing\core\3.3.3\core-3.3.3.jar;D:\Maven\maven-repository\com\google\zxing\javase\3.3.3\javase-3.3.3.jar;D:\Maven\maven-repository\com\beust\jcommander\1.72\jcommander-1.72.jar;D:\Maven\maven-repository\com\github\jai-imageio\jai-imageio-core\1.4.0\jai-imageio-core-1.4.0.jar;D:\Maven\maven-repository\org\apache\commons\commons-lang3\3.8.1\commons-lang3-3.8.1.jar;D:\IDEA2021.1\workspacepro\huiminpay\huiminpay-merchant\huiminpay-merchant-api\target\huiminpay-merchant-api.jar;D:\Maven\maven-repository\com\alibaba\cloud\spring-cloud-starter-alibaba-nacos-config\2.1.0.RELEASE\spring-cloud-starter-alibaba-nacos-config-2.1.0.RELEASE.jar;D:\Maven\maven-repository\com\alibaba\cloud\spring-cloud-alibaba-nacos-config\2.1.0.RELEASE\spring-cloud-alibaba-nacos-config-2.1.0.RELEASE.jar;D:\Maven\maven-repository\com\alibaba\nacos\nacos-client\1.1.1\nacos-client-1.1.1.jar;D:\Maven\maven-repository\com\alibaba\nacos\nacos-common\1.1.1\nacos-common-1.1.1.jar;D:\Maven\maven-repository\commons-io\commons-io\2.2\commons-io-2.2.jar;D:\Maven\maven-repository\com\alibaba\nacos\nacos-api\1.1.1\nacos-api-1.1.1.jar;D:\Maven\maven-repository\commons-codec\commons-codec\1.11\commons-codec-1.11.jar;D:\Maven\maven-repository\com\fasterxml\jackson\core\jackson-core\2.9.8\jackson-core-2.9.8.jar;D:\Maven\maven-repository\io\prometheus\simpleclient\0.5.0\simpleclient-0.5.0.jar;D:\Maven\maven-repository\org\springframework\cloud\spring-cloud-commons\2.1.0.RELEASE\spring-cloud-commons-2.1.0.RELEASE.jar;D:\Maven\maven-repository\org\springframework\security\spring-security-crypto\5.1.4.RELEASE\spring-security-crypto-5.1.4.RELEASE.jar;D:\Maven\maven-repository\org\springframework\cloud\spring-cloud-context\2.1.0.RELEASE\spring-cloud-context-2.1.0.RELEASE.jar;D:\Maven\maven-repository\com\alibaba\cloud\spring-cloud-starter-alibaba-nacos-discovery\2.1.0.RELEASE\spring-cloud-starter-alibaba-nacos-discovery-2.1.0.RELEASE.jar;D:\Maven\maven-repository\com\alibaba\cloud\spring-cloud-alibaba-nacos-discovery\2.1.0.RELEASE\spring-cloud-alibaba-nacos-discovery-2.1.0.RELEASE.jar;D:\Maven\maven-repository\org\springframework\cloud\spring-cloud-starter-netflix-ribbon\2.1.0.RELEASE\spring-cloud-starter-netflix-ribbon-2.1.0.RELEASE.jar;D:\Maven\maven-repository\org\springframework\cloud\spring-cloud-starter\2.1.0.RELEASE\spring-cloud-starter-2.1.0.RELEASE.jar;D:\Maven\maven-repository\org\springframework\security\spring-security-rsa\1.0.7.RELEASE\spring-security-rsa-1.0.7.RELEASE.jar;D:\Maven\maven-repository\org\bouncycastle\bcpkix-jdk15on\1.60\bcpkix-jdk15on-1.60.jar;D:\Maven\maven-repository\org\bouncycastle\bcprov-jdk15on\1.60\bcprov-jdk15on-1.60.jar;D:\Maven\maven-repository\org\springframework\cloud\spring-cloud-netflix-ribbon\2.1.0.RELEASE\spring-cloud-netflix-ribbon-2.1.0.RELEASE.jar;D:\Maven\maven-repository\org\springframework\cloud\spring-cloud-netflix-archaius\2.1.0.RELEASE\spring-cloud-netflix-archaius-2.1.0.RELEASE.jar;D:\Maven\maven-repository\org\springframework\cloud\spring-cloud-starter-netflix-archaius\2.1.0.RELEASE\spring-cloud-starter-netflix-archaius-2.1.0.RELEASE.jar;D:\Maven\maven-repository\com\netflix\archaius\archaius-core\0.7.6\archaius-core-0.7.6.jar;D:\Maven\maven-repository\commons-configuration\commons-configuration\1.8\commons-configuration-1.8.jar;D:\Maven\maven-repository\com\netflix\ribbon\ribbon\2.3.0\ribbon-2.3.0.jar;D:\Maven\maven-repository\com\netflix\ribbon\ribbon-transport\2.3.0\ribbon-transport-2.3.0.jar;D:\Maven\maven-repository\io\reactivex\rxnetty-contexts\0.4.9\rxnetty-contexts-0.4.9.jar;D:\Maven\maven-repository\io\reactivex\rxnetty-servo\0.4.9\rxnetty-servo-0.4.9.jar;D:\Maven\maven-repository\com\netflix\hystrix\hystrix-core\1.5.18\hystrix-core-1.5.18.jar;D:\Maven\maven-repository\javax\inject\javax.inject\1\javax.inject-1.jar;D:\Maven\maven-repository\io\reactivex\rxnetty\0.4.9\rxnetty-0.4.9.jar;D:\Maven\maven-repository\com\netflix\ribbon\ribbon-core\2.3.0\ribbon-core-2.3.0.jar;D:\Maven\maven-repository\com\netflix\ribbon\ribbon-httpclient\2.3.0\ribbon-httpclient-2.3.0.jar;D:\Maven\maven-repository\commons-collections\commons-collections\3.2.2\commons-collections-3.2.2.jar;D:\Maven\maven-repository\org\apache\httpcomponents\httpclient\4.5.7\httpclient-4.5.7.jar;D:\Maven\maven-repository\com\sun\jersey\jersey-client\1.19.1\jersey-client-1.19.1.jar;D:\Maven\maven-repository\com\sun\jersey\jersey-core\1.19.1\jersey-core-1.19.1.jar;D:\Maven\maven-repository\javax\ws\rs\jsr311-api\1.1.1\jsr311-api-1.1.1.jar;D:\Maven\maven-repository\com\sun\jersey\contribs\jersey-apache-client4\1.19.1\jersey-apache-client4-1.19.1.jar;D:\Maven\maven-repository\com\netflix\servo\servo-core\0.12.21\servo-core-0.12.21.jar;D:\Maven\maven-repository\com\netflix\netflix-commons\netflix-commons-util\0.3.0\netflix-commons-util-0.3.0.jar;D:\Maven\maven-repository\com\netflix\ribbon\ribbon-loadbalancer\2.3.0\ribbon-loadbalancer-2.3.0.jar;D:\Maven\maven-repository\com\netflix\netflix-commons\netflix-statistics\0.1.1\netflix-statistics-0.1.1.jar;D:\Maven\maven-repository\io\reactivex\rxjava\1.3.8\rxjava-1.3.8.jar;D:\Maven\maven-repository\com\alibaba\cloud\spring-cloud-starter-dubbo\2.1.0.RELEASE\spring-cloud-starter-dubbo-2.1.0.RELEASE.jar;D:\Maven\maven-repository\com\alibaba\cloud\spring-cloud-alibaba-dubbo\2.1.0.RELEASE\spring-cloud-alibaba-dubbo-2.1.0.RELEASE.jar;D:\Maven\maven-repository\org\springframework\cloud\spring-cloud-openfeign-core\2.1.0.RELEASE\spring-cloud-openfeign-core-2.1.0.RELEASE.jar;D:\Maven\maven-repository\org\springframework\boot\spring-boot-starter-aop\2.1.3.RELEASE\spring-boot-starter-aop-2.1.3.RELEASE.jar;D:\Maven\maven-repository\org\aspectj\aspectjweaver\1.9.2\aspectjweaver-1.9.2.jar;D:\Maven\maven-repository\io\github\openfeign\form\feign-form-spring\3.5.0\feign-form-spring-3.5.0.jar;D:\Maven\maven-repository\io\github\openfeign\form\feign-form\3.5.0\feign-form-3.5.0.jar;D:\Maven\maven-repository\commons-fileupload\commons-fileupload\1.3.3\commons-fileupload-1.3.3.jar;D:\Maven\maven-repository\org\apache\dubbo\dubbo\2.7.3\dubbo-2.7.3.jar;D:\Maven\maven-repository\org\javassist\javassist\3.20.0-GA\javassist-3.20.0-GA.jar;D:\Maven\maven-repository\org\apache\dubbo\dubbo-spring-boot-starter\2.7.1\dubbo-spring-boot-starter-2.7.1.jar;D:\Maven\maven-repository\org\apache\dubbo\dubbo-spring-boot-autoconfigure\2.7.1\dubbo-spring-boot-autoconfigure-2.7.1.jar;D:\Maven\maven-repository\org\apache\dubbo\dubbo-spring-boot-autoconfigure-compatible\2.7.1\dubbo-spring-boot-autoconfigure-compatible-2.7.1.jar;D:\Maven\maven-repository\io\netty\netty-all\4.1.33.Final\netty-all-4.1.33.Final.jar;D:\Maven\maven-repository\io\github\openfeign\feign-jaxrs2\9.7.0\feign-jaxrs2-9.7.0.jar;D:\Maven\maven-repository\io\github\openfeign\feign-core\10.1.0\feign-core-10.1.0.jar;D:\Maven\maven-repository\io\github\openfeign\feign-jaxrs\10.1.0\feign-jaxrs-10.1.0.jar;D:\Maven\maven-repository\org\springframework\boot\spring-boot-starter-web\2.1.3.RELEASE\spring-boot-starter-web-2.1.3.RELEASE.jar;D:\Maven\maven-repository\org\springframework\boot\spring-boot-starter-json\2.1.3.RELEASE\spring-boot-starter-json-2.1.3.RELEASE.jar;D:\Maven\maven-repository\com\fasterxml\jackson\core\jackson-databind\2.9.8\jackson-databind-2.9.8.jar;D:\Maven\maven-repository\com\fasterxml\jackson\datatype\jackson-datatype-jdk8\2.9.8\jackson-datatype-jdk8-2.9.8.jar;D:\Maven\maven-repository\com\fasterxml\jackson\datatype\jackson-datatype-jsr310\2.9.8\jackson-datatype-jsr310-2.9.8.jar;D:\Maven\maven-repository\com\fasterxml\jackson\module\jackson-module-parameter-names\2.9.8\jackson-module-parameter-names-2.9.8.jar;D:\Maven\maven-repository\org\springframework\boot\spring-boot-starter-tomcat\2.1.3.RELEASE\spring-boot-starter-tomcat-2.1.3.RELEASE.jar;D:\Maven\maven-repository\org\apache\tomcat\embed\tomcat-embed-core\9.0.16\tomcat-embed-core-9.0.16.jar;D:\Maven\maven-repository\org\apache\tomcat\embed\tomcat-embed-el\9.0.16\tomcat-embed-el-9.0.16.jar;D:\Maven\maven-repository\org\apache\tomcat\embed\tomcat-embed-websocket\9.0.16\tomcat-embed-websocket-9.0.16.jar;D:\Maven\maven-repository\org\hibernate\validator\hibernate-validator\6.0.14.Final\hibernate-validator-6.0.14.Final.jar;D:\Maven\maven-repository\javax\validation\validation-api\2.0.1.Final\validation-api-2.0.1.Final.jar;D:\Maven\maven-repository\org\jboss\logging\jboss-logging\3.3.2.Final\jboss-logging-3.3.2.Final.jar;D:\Maven\maven-repository\org\springframework\spring-webmvc\5.1.5.RELEASE\spring-webmvc-5.1.5.RELEASE.jar;D:\Maven\maven-repository\org\springframework\spring-aop\5.1.5.RELEASE\spring-aop-5.1.5.RELEASE.jar;D:\Maven\maven-repository\org\springframework\spring-context\5.1.5.RELEASE\spring-context-5.1.5.RELEASE.jar;D:\Maven\maven-repository\org\springframework\spring-expression\5.1.5.RELEASE\spring-expression-5.1.5.RELEASE.jar;D:\Maven\maven-repository\org\springframework\boot\spring-boot-starter\2.1.3.RELEASE\spring-boot-starter-2.1.3.RELEASE.jar;D:\Maven\maven-repository\org\springframework\boot\spring-boot\2.1.3.RELEASE\spring-boot-2.1.3.RELEASE.jar;D:\Maven\maven-repository\org\springframework\boot\spring-boot-autoconfigure\2.1.3.RELEASE\spring-boot-autoconfigure-2.1.3.RELEASE.jar;D:\Maven\maven-repository\javax\annotation\javax.annotation-api\1.3.2\javax.annotation-api-1.3.2.jar;D:\Maven\maven-repository\org\springframework\spring-core\5.1.5.RELEASE\spring-core-5.1.5.RELEASE.jar;D:\Maven\maven-repository\org\springframework\spring-jcl\5.1.5.RELEASE\spring-jcl-5.1.5.RELEASE.jar;D:\Maven\maven-repository\org\yaml\snakeyaml\1.23\snakeyaml-1.23.jar;D:\Maven\maven-repository\org\springframework\boot\spring-boot-starter-log4j2\2.1.3.RELEASE\spring-boot-starter-log4j2-2.1.3.RELEASE.jar;D:\Maven\maven-repository\org\apache\logging\log4j\log4j-slf4j-impl\2.11.2\log4j-slf4j-impl-2.11.2.jar;D:\Maven\maven-repository\org\apache\logging\log4j\log4j-api\2.11.2\log4j-api-2.11.2.jar;D:\Maven\maven-repository\org\apache\logging\log4j\log4j-core\2.11.2\log4j-core-2.11.2.jar;D:\Maven\maven-repository\org\apache\logging\log4j\log4j-jul\2.11.2\log4j-jul-2.11.2.jar;D:\Maven\maven-repository\org\slf4j\jul-to-slf4j\1.7.25\jul-to-slf4j-1.7.25.jar;D:\Maven\maven-repository\org\springframework\boot\spring-boot-configuration-processor\2.1.3.RELEASE\spring-boot-configuration-processor-2.1.3.RELEASE.jar;D:\Maven\maven-repository\com\qiniu\qiniu-java-sdk\7.2.25\qiniu-java-sdk-7.2.25.jar;D:\Maven\maven-repository\com\squareup\okhttp3\okhttp\3.9.1\okhttp-3.9.1.jar;D:\Maven\maven-repository\com\squareup\okio\okio\1.13.0\okio-1.13.0.jar;D:\Maven\maven-repository\com\google\code\gson\gson\2.8.2\gson-2.8.2.jar;D:\Maven\maven-repository\org\springframework\boot\spring-boot-starter-actuator\2.1.3.RELEASE\spring-boot-starter-actuator-2.1.3.RELEASE.jar;D:\Maven\maven-repository\org\springframework\boot\spring-boot-actuator-autoconfigure\2.1.3.RELEASE\spring-boot-actuator-autoconfigure-2.1.3.RELEASE.jar;D:\Maven\maven-repository\org\springframework\boot\spring-boot-actuator\2.1.3.RELEASE\spring-boot-actuator-2.1.3.RELEASE.jar;D:\Maven\maven-repository\io\micrometer\micrometer-core\1.1.3\micrometer-core-1.1.3.jar;D:\Maven\maven-repository\org\hdrhistogram\HdrHistogram\2.1.9\HdrHistogram-2.1.9.jar;D:\Maven\maven-repository\org\latencyutils\LatencyUtils\2.0.3\LatencyUtils-2.0.3.jar;D:\Maven\maven-repository\org\apache\httpcomponents\httpcore\4.4.11\httpcore-4.4.11.jar;D:\Maven\maven-repository\org\springframework\boot\spring-boot-starter-test\2.1.3.RELEASE\spring-boot-starter-test-2.1.3.RELEASE.jar;D:\Maven\maven-repository\org\springframework\boot\spring-boot-test\2.1.3.RELEASE\spring-boot-test-2.1.3.RELEASE.jar;D:\Maven\maven-repository\org\springframework\boot\spring-boot-test-autoconfigure\2.1.3.RELEASE\spring-boot-test-autoconfigure-2.1.3.RELEASE.jar;D:\Maven\maven-repository\com\jayway\jsonpath\json-path\2.4.0\json-path-2.4.0.jar;D:\Maven\maven-repository\net\minidev\json-smart\2.3\json-smart-2.3.jar;D:\Maven\maven-repository\net\minidev\accessors-smart\1.2\accessors-smart-1.2.jar;D:\Maven\maven-repository\org\ow2\asm\asm\5.0.4\asm-5.0.4.jar;D:\Maven\maven-repository\junit\junit\4.12\junit-4.12.jar;D:\Maven\maven-repository\org\assertj\assertj-core\3.11.1\assertj-core-3.11.1.jar;D:\Maven\maven-repository\org\mockito\mockito-core\2.23.4\mockito-core-2.23.4.jar;D:\Maven\maven-repository\net\bytebuddy\byte-buddy\1.9.10\byte-buddy-1.9.10.jar;D:\Maven\maven-repository\net\bytebuddy\byte-buddy-agent\1.9.10\byte-buddy-agent-1.9.10.jar;D:\Maven\maven-repository\org\objenesis\objenesis\2.6\objenesis-2.6.jar;D:\Maven\maven-repository\org\hamcrest\hamcrest-core\1.3\hamcrest-core-1.3.jar;D:\Maven\maven-repository\org\hamcrest\hamcrest-library\1.3\hamcrest-library-1.3.jar;D:\Maven\maven-repository\org\skyscreamer\jsonassert\1.5.0\jsonassert-1.5.0.jar;D:\Maven\maven-repository\com\vaadin\external\google\android-json\0.0.20131108.vaadin1\android-json-0.0.20131108.vaadin1.jar;D:\Maven\maven-repository\org\springframework\spring-test\5.1.5.RELEASE\spring-test-5.1.5.RELEASE.jar;D:\Maven\maven-repository\org\xmlunit\xmlunit-core\2.6.2\xmlunit-core-2.6.2.jar;"/>
    <property name="sun.cpu.endian" value="little"/>
    <property name="user.home" value="C:\Users\12719"/>
    <property name="user.language" value="zh"/>
    <property name="java.specification.vendor" value="Oracle Corporation"/>
    <property name="java.home" value="D:\Java\jdk1.8.1_811\jre"/>
    <property name="basedir" value="D:\IDEA2021.1\workspacepro\huiminpay\huiminpay-merchant-application"/>
    <property name="file.separator" value="\"/>
    <property name="line.separator" value="&#10;"/>
    <property name="java.vm.specification.vendor" value="Oracle Corporation"/>
    <property name="java.specification.name" value="Java Platform API Specification"/>
    <property name="java.awt.graphicsenv" value="sun.awt.Win32GraphicsEnvironment"/>
    <property name="surefire.real.class.path" value="C:\Users\12719\AppData\Local\Temp\surefire496435245145102615\surefirebooter8924925046461524644.jar"/>
    <property name="sun.boot.class.path" value="D:\Java\jdk1.8.1_811\jre\lib\resources.jar;D:\Java\jdk1.8.1_811\jre\lib\rt.jar;D:\Java\jdk1.8.1_811\jre\lib\sunrsasign.jar;D:\Java\jdk1.8.1_811\jre\lib\jsse.jar;D:\Java\jdk1.8.1_811\jre\lib\jce.jar;D:\Java\jdk1.8.1_811\jre\lib\charsets.jar;D:\Java\jdk1.8.1_811\jre\lib\jfr.jar;D:\Java\jdk1.8.1_811\jre\classes"/>
    <property name="user.script" value=""/>
    <property name="sun.management.compiler" value="HotSpot 64-Bit Tiered Compilers"/>
    <property name="java.runtime.version" value="1.8.0_181-b13"/>
    <property name="user.name" value="12719"/>
    <property name="path.separator" value=";"/>
    <property name="os.version" value="10.0"/>
    <property name="java.endorsed.dirs" value="D:\Java\jdk1.8.1_811\jre\lib\endorsed"/>
    <property name="java.runtime.name" value="Java(TM) SE Runtime Environment"/>
    <property name="file.encoding" value="GBK"/>
    <property name="java.vm.name" value="Java HotSpot(TM) 64-Bit Server VM"/>
    <property name="localRepository" value="D:\Maven\maven-repository"/>
    <property name="java.vendor.url.bug" value="http://bugreport.sun.com/bugreport/"/>
    <property name="java.io.tmpdir" value="C:\Users\12719\AppData\Local\Temp\"/>
    <property name="idea.version" value="2021.1.3"/>
    <property name="java.version" value="1.8.0_181"/>
    <property name="user.dir" value="D:\IDEA2021.1\workspacepro\huiminpay\huiminpay-merchant-application"/>
    <property name="os.arch" value="amd64"/>
    <property name="java.vm.specification.name" value="Java Virtual Machine Specification"/>
    <property name="java.awt.printerjob" value="sun.awt.windows.WPrinterJob"/>
    <property name="sun.os.patch.level" value=""/>
    <property name="java.library.path" value="D:\Java\jdk1.8.1_811\jre\bin;C:\WINDOWS\Sun\Java\bin;C:\WINDOWS\system32;C:\WINDOWS;D:\Oracle\app\oracle\product\10.2.0\server\bin;D:\java\jdk1.8.1_811\bin;C:\Program Files (x86)\Common Files\Oracle\Java\javapath;C:\Program Files (x86)\Intel\iCLS Client\;C:\Program Files\Intel\iCLS Client\;C:\WINDOWS\system32;C:\WINDOWS;C:\WINDOWS\System32\Wbem;C:\WINDOWS\System32\WindowsPowerShell\v1.0\;C:\Program Files (x86)\Intel\Intel(R) Management Engine Components\DAL;C:\Program Files\Intel\Intel(R) Management Engine Components\DAL;C:\Program Files (x86)\Intel\Intel(R) Management Engine Components\IPT;C:\Program Files\Intel\Intel(R) Management Engine Components\IPT;C:\WINDOWS\System32\OpenSSH\;D:\mysql202231\bin;D:\Maven\apache-maven-3.6.0\bin;D:\tomcat\apache-tomcat-8.5.76-windows-x64\apache-tomcat-8.5.76\bin;D:\tomcat\apache-tomcat-8.5.76-windows-x64\apache-tomcat-8.5.76\lib;C:\Program Files\dotnet\;D:\Git\Git\cmd;D:\tomcat\apache-tomcat-8.0.32\bin;C:\Users\12719\AppData\Local\Microsoft\WindowsApps;;D:\VScode\Microsoft VS Code\bin;D:\idea\IntelliJ IDEA 2021.3.2\bin;;."/>
    <property name="java.vm.info" value="mixed mode"/>
    <property name="java.vendor" value="Oracle Corporation"/>
    <property name="java.vm.version" value="25.181-b13"/>
    <property name="java.ext.dirs" value="D:\Java\jdk1.8.1_811\jre\lib\ext;C:\WINDOWS\Sun\Java\lib\ext"/>
    <property name="sun.io.unicode.encoding" value="UnicodeLittle"/>
    <property name="maven.repo.local" value="D:\Maven\maven-repository"/>
    <property name="java.class.version" value="52.0"/>
  </properties>
  <testcase name="testUpload" classname="com.huipinpay.TestQiniu" time="5.255"/>
</testsuite>